test

  .   ____          _            __ _ _
 /\\ / ___'_ __ _ _(_)_ __  __ _ \ \ \ \
( ( )\___ | '_ | '_| | '_ \/ _` | \ \ \ \
 \\/  ___)| |_)| | | | | || (_| |  ) ) ) )
  '  |____| .__|_| |_|_| |_\__, | / / / /
 =========|_|==============|___/=/_/_/_/

 :: Spring Boot ::                (v4.0.1)

2026-01-04T16:01:01.497+08:00  INFO 2807817 --- [QTFund] [           main] com.makemoney.qtfund.QtFundApplication   : Starting QtFundApplication v0.0.1-SNAPSHOT using Java 21.0.9 with PID 2807817 (/root/code/QTFund/target/QTFund-0.0.1-SNAPSHOT.jar started by root in /root/code/QTFund)
2026-01-04T16:01:01.500+08:00  INFO 2807817 --- [QTFund] [           main] com.makemoney.qtfund.QtFundApplication   : No active profile set, falling back to 1 default profile: "default"
2026-01-04T16:01:01.927+08:00  INFO 2807817 --- [QTFund] [           main] .s.d.r.c.RepositoryConfigurationDelegate : Bootstrapping Spring Data MongoDB repositories in DEFAULT mode.
2026-01-04T16:01:01.964+08:00  INFO 2807817 --- [QTFund] [           main] .s.d.r.c.RepositoryConfigurationDelegate : Finished Spring Data repository scanning in 31 ms. Found 2 MongoDB repository interfaces.
2026-01-04T16:01:02.302+08:00  INFO 2807817 --- [QTFund] [           main] o.s.boot.tomcat.TomcatWebServer          : Tomcat initialized with port 8080 (http)
2026-01-04T16:01:02.313+08:00  INFO 2807817 --- [QTFund] [           main] o.apache.catalina.core.StandardService   : Starting service [Tomcat]
2026-01-04T16:01:02.314+08:00  INFO 2807817 --- [QTFund] [           main] o.apache.catalina.core.StandardEngine    : Starting Servlet engine: [Apache Tomcat/11.0.15]
2026-01-04T16:01:02.333+08:00  INFO 2807817 --- [QTFund] [           main] b.w.c.s.WebApplicationContextInitializer : Root WebApplicationContext: initialization completed in 795 ms
2026-01-04T16:01:02.486+08:00  INFO 2807817 --- [QTFund] [           main] org.mongodb.driver.client                : MongoClient with metadata {"driver": {"name": "mongo-java-driver|sync", "version": "5.6.2"}, "os": {"type": "Linux", "name": "Linux", "architecture": "amd64", "version": "5.14.0-570.33.2.el9_6.x86_64"}, "platform": "Java/Red Hat, Inc./21.0.9+10-LTS"} created with settings MongoClientSettings{readPreference=primary, writeConcern=WriteConcern{w=null, wTimeout=null ms, journal=null}, retryWrites=true, retryReads=true, readConcern=ReadConcern{level=null}, credential=null, transportSettings=null, commandListeners=[], codecRegistry=ProvidersCodecRegistry{codecProviders=[ValueCodecProvider{}, BsonValueCodecProvider{}, DBRefCodecProvider{}, DBObjectCodecProvider{}, DocumentCodecProvider{}, CollectionCodecProvider{}, IterableCodecProvider{}, MapCodecProvider{}, GeoJsonCodecProvider{}, GridFSFileCodecProvider{}, Jsr310CodecProvider{}, JsonObjectCodecProvider{}, BsonCodecProvider{}, com.mongodb.client.model.mql.ExpressionCodecProvider@5489b1f7, com.mongodb.Jep395RecordCodecProvider@4faf104, com.mongodb.KotlinCodecProvider@5995851e, EnumCodecProvider{}]}, loggerSettings=LoggerSettings{maxDocumentLength=1000}, clusterSettings={hosts=[localhost:27017], srvServiceName=mongodb, mode=SINGLE, requiredClusterType=UNKNOWN, requiredReplicaSetName='null', serverSelector='null', clusterListeners='[]', serverSelectionTimeout='30000 ms', localThreshold='15 ms'}, socketSettings=SocketSettings{connectTimeoutMS=10000, readTimeoutMS=0, receiveBufferSize=0, proxySettings=ProxySettings{host=null, port=null, username=null, password=null}}, heartbeatSocketSettings=SocketSettings{connectTimeoutMS=10000, readTimeoutMS=10000, receiveBufferSize=0, proxySettings=ProxySettings{host=null, port=null, username=null, password=null}}, connectionPoolSettings=ConnectionPoolSettings{maxSize=100, minSize=0, maxWaitTimeMS=120000, maxConnectionLifeTimeMS=0, maxConnectionIdleTimeMS=0, maintenanceInitialDelayMS=0, maintenanceFrequencyMS=60000, connectionPoolListeners=[], maxConnecting=2}, serverSettings=ServerSettings{heartbeatFrequencyMS=10000, minHeartbeatFrequencyMS=500, serverMonitoringMode=AUTO, serverListeners='[]', serverMonitorListeners='[]'}, sslSettings=SslSettings{enabled=false, invalidHostNameAllowed=false, context=null}, applicationName='null', compressorList=[], uuidRepresentation=UNSPECIFIED, serverApi=null, autoEncryptionSettings=null, dnsClient=null, inetAddressResolver=null, contextProvider=null, timeoutMS=null}
2026-01-04T16:01:02.508+08:00  INFO 2807817 --- [QTFund] [localhost:27017] org.mongodb.driver.cluster               : Monitor thread successfully connected to server with description ServerDescription{address=localhost:27017, type=STANDALONE, cryptd=false, state=CONNECTED, ok=true, minWireVersion=0, maxWireVersion=21, maxDocumentSize=16777216, logicalSessionTimeoutMinutes=30, roundTripTimeNanos=14529705, minRoundTripTimeNanos=0}
2026-01-04T16:01:02.870+08:00  INFO 2807817 --- [QTFund] [           main] r$InitializeUserDetailsManagerConfigurer : Global AuthenticationManager configured with UserDetailsService bean with name customUserDetailsService
2026-01-04T16:01:03.042+08:00  INFO 2807817 --- [QTFund] [           main] o.s.b.w.a.WelcomePageHandlerMapping      : Adding welcome page: class path resource [static/index.html]
2026-01-04T16:01:03.262+08:00  INFO 2807817 --- [QTFund] [           main] o.s.boot.tomcat.TomcatWebServer          : Tomcat started on port 8080 (http) with context path '/'
2026-01-04T16:01:03.272+08:00  INFO 2807817 --- [QTFund] [           main] com.makemoney.qtfund.QtFundApplication   : Started QtFundApplication in 2.065 seconds (process running for 2.37)
2026-01-04T16:01:07.779+08:00  INFO 2807817 --- [QTFund] [nio-8080-exec-1] o.a.c.c.C.[Tomcat].[localhost].[/]       : Initializing Spring DispatcherServlet 'dispatcherServlet'
2026-01-04T16:01:07.780+08:00  INFO 2807817 --- [QTFund] [nio-8080-exec-1] o.s.web.servlet.DispatcherServlet        : Initializing Servlet 'dispatcherServlet'
2026-01-04T16:01:07.781+08:00  INFO 2807817 --- [QTFund] [nio-8080-exec-1] o.s.web.servlet.DispatcherServlet        : Completed initialization in 1 ms
