test

  .   ____          _            __ _ _
 /\\ / ___'_ __ _ _(_)_ __  __ _ \ \ \ \
( ( )\___ | '_ | '_| | '_ \/ _` | \ \ \ \
 \\/  ___)| |_)| | | | | || (_| |  ) ) ) )
  '  |____| .__|_| |_|_| |_\__, | / / / /
 =========|_|==============|___/=/_/_/_/

 :: Spring Boot ::                (v4.0.1)

2026-01-02T20:56:41.881+08:00  INFO 1996212 --- [QTFund] [           main] com.makemoney.qtfund.QtFundApplication   : Starting QtFundApplication v0.0.1-SNAPSHOT using Java 21.0.9 with PID 1996212 (/root/code/QTFund/target/QTFund-0.0.1-SNAPSHOT.jar started by root in /root/code/QTFund)
2026-01-02T20:56:41.885+08:00  INFO 1996212 --- [QTFund] [           main] com.makemoney.qtfund.QtFundApplication   : No active profile set, falling back to 1 default profile: "default"
2026-01-02T20:56:42.245+08:00  INFO 1996212 --- [QTFund] [           main] .s.d.r.c.RepositoryConfigurationDelegate : Bootstrapping Spring Data MongoDB repositories in DEFAULT mode.
2026-01-02T20:56:42.276+08:00  INFO 1996212 --- [QTFund] [           main] .s.d.r.c.RepositoryConfigurationDelegate : Finished Spring Data repository scanning in 27 ms. Found 2 MongoDB repository interfaces.
2026-01-02T20:56:42.531+08:00  INFO 1996212 --- [QTFund] [           main] o.s.boot.tomcat.TomcatWebServer          : Tomcat initialized with port 8081 (http)
2026-01-02T20:56:42.539+08:00  INFO 1996212 --- [QTFund] [           main] o.apache.catalina.core.StandardService   : Starting service [Tomcat]
2026-01-02T20:56:42.539+08:00  INFO 1996212 --- [QTFund] [           main] o.apache.catalina.core.StandardEngine    : Starting Servlet engine: [Apache Tomcat/11.0.15]
2026-01-02T20:56:42.552+08:00  INFO 1996212 --- [QTFund] [           main] b.w.c.s.WebApplicationContextInitializer : Root WebApplicationContext: initialization completed in 630 ms
2026-01-02T20:56:42.669+08:00  INFO 1996212 --- [QTFund] [           main] org.mongodb.driver.client                : MongoClient with metadata {"driver": {"name": "mongo-java-driver|spring-boot|sync", "version": "5.6.2"}, "os": {"type": "Linux", "name": "Linux", "architecture": "amd64", "version": "5.14.0-570.33.2.el9_6.x86_64"}, "platform": "Java/Red Hat, Inc./21.0.9+10-LTS"} created with settings MongoClientSettings{readPreference=primary, writeConcern=WriteConcern{w=null, wTimeout=null ms, journal=null}, retryWrites=true, retryReads=true, readConcern=ReadConcern{level=null}, credential=null, transportSettings=null, commandListeners=[], codecRegistry=ProvidersCodecRegistry{codecProviders=[ValueCodecProvider{}, BsonValueCodecProvider{}, DBRefCodecProvider{}, DBObjectCodecProvider{}, DocumentCodecProvider{}, CollectionCodecProvider{}, IterableCodecProvider{}, MapCodecProvider{}, GeoJsonCodecProvider{}, GridFSFileCodecProvider{}, Jsr310CodecProvider{}, JsonObjectCodecProvider{}, BsonCodecProvider{}, com.mongodb.client.model.mql.ExpressionCodecProvider@60ed12e8, com.mongodb.Jep395RecordCodecProvider@24c8d8be, com.mongodb.KotlinCodecProvider@3290b1a6, EnumCodecProvider{}]}, loggerSettings=LoggerSettings{maxDocumentLength=1000}, clusterSettings={hosts=[localhost:27017], srvServiceName=mongodb, mode=SINGLE, requiredClusterType=UNKNOWN, requiredReplicaSetName='null', serverSelector='null', clusterListeners='[]', serverSelectionTimeout='30000 ms', localThreshold='15 ms'}, socketSettings=SocketSettings{connectTimeoutMS=10000, readTimeoutMS=0, receiveBufferSize=0, proxySettings=ProxySettings{host=null, port=null, username=null, password=null}}, heartbeatSocketSettings=SocketSettings{connectTimeoutMS=10000, readTimeoutMS=10000, receiveBufferSize=0, proxySettings=ProxySettings{host=null, port=null, username=null, password=null}}, connectionPoolSettings=ConnectionPoolSettings{maxSize=100, minSize=0, maxWaitTimeMS=120000, maxConnectionLifeTimeMS=0, maxConnectionIdleTimeMS=0, maintenanceInitialDelayMS=0, maintenanceFrequencyMS=60000, connectionPoolListeners=[], maxConnecting=2}, serverSettings=ServerSettings{heartbeatFrequencyMS=10000, minHeartbeatFrequencyMS=500, serverMonitoringMode=AUTO, serverListeners='[]', serverMonitorListeners='[]'}, sslSettings=SslSettings{enabled=false, invalidHostNameAllowed=false, context=null}, applicationName='null', compressorList=[], uuidRepresentation=UNSPECIFIED, serverApi=null, autoEncryptionSettings=null, dnsClient=null, inetAddressResolver=null, contextProvider=null, timeoutMS=null}
2026-01-02T20:56:42.682+08:00  INFO 1996212 --- [QTFund] [localhost:27017] org.mongodb.driver.cluster               : Monitor thread successfully connected to server with description ServerDescription{address=localhost:27017, type=STANDALONE, cryptd=false, state=CONNECTED, ok=true, minWireVersion=0, maxWireVersion=21, maxDocumentSize=16777216, logicalSessionTimeoutMinutes=30, roundTripTimeNanos=10586961, minRoundTripTimeNanos=0}
2026-01-02T20:56:42.924+08:00  INFO 1996212 --- [QTFund] [           main] r$InitializeUserDetailsManagerConfigurer : Global AuthenticationManager configured with UserDetailsService bean with name customUserDetailsService
2026-01-02T20:56:43.020+08:00  INFO 1996212 --- [QTFund] [           main] o.s.b.w.a.WelcomePageHandlerMapping      : Adding welcome page: class path resource [static/index.html]
2026-01-02T20:56:43.140+08:00  INFO 1996212 --- [QTFund] [           main] o.s.boot.tomcat.TomcatWebServer          : Tomcat started on port 8081 (http) with context path '/'
2026-01-02T20:56:43.149+08:00  INFO 1996212 --- [QTFund] [           main] com.makemoney.qtfund.QtFundApplication   : Started QtFundApplication in 1.555 seconds (process running for 1.838)
Initialized admin user: qtfund
2026-01-02T20:57:43.241+08:00  INFO 1996212 --- [QTFund] [nio-8081-exec-1] o.a.c.c.C.[Tomcat].[localhost].[/]       : Initializing Spring DispatcherServlet 'dispatcherServlet'
2026-01-02T20:57:43.241+08:00  INFO 1996212 --- [QTFund] [nio-8081-exec-1] o.s.web.servlet.DispatcherServlet        : Initializing Servlet 'dispatcherServlet'
2026-01-02T20:57:43.243+08:00  INFO 1996212 --- [QTFund] [nio-8081-exec-1] o.s.web.servlet.DispatcherServlet        : Completed initialization in 0 ms
